<?xml version="1.0" encoding="UTF-8"?>
<!-- Generated by org.testng.reporters.JUnitXMLReporter -->
<testsuite hostname="LAPTOP-A11EL1IC" ignored="6" tests="0" failures="0" timestamp="08 Feb 2020 19:59:10 GMT" time="0.0" errors="0">
  <testcase name="mobileLoginbikeloan" time="0.0" classname="ImpPrograms.module4">
    <ignored/>
  </testcase> <!-- mobileLoginbikeloan -->
  <testcase name="webLoginbikeloan" time="0.0" classname="ImpPrograms.module4">
    <ignored/>
  </testcase> <!-- webLoginbikeloan -->
  <testcase name="mobileLogin_activa_bikeloan" time="0.0" classname="ImpPrograms.module4">
    <ignored/>
  </testcase> <!-- mobileLogin_activa_bikeloan -->
  <testcase name="mobileLogin_scooty_bikeloan" time="0.0" classname="ImpPrograms.module4">
    <ignored/>
  </testcase> <!-- mobileLogin_scooty_bikeloan -->
  <testcase name="mobileLogin_Deo_bikeloan" time="0.0" classname="ImpPrograms.module4">
    <ignored/>
  </testcase> <!-- mobileLogin_Deo_bikeloan -->
  <testcase name="apiloginbikeloan" time="0.0" classname="ImpPrograms.module4">
    <ignored/>
  </testcase> <!-- apiloginbikeloan -->
</testsuite>
