<?xml version="1.0" encoding="UTF-8"?>
<!-- Generated by org.testng.reporters.JUnitXMLReporter -->
<testsuite hostname="LAPTOP-A11EL1IC" ignored="7" name="CarLoan" tests="1" failures="0" timestamp="09 Feb 2020 14:00:47 GMT" time="0.014" errors="0">
  <testcase name="webLogincarloan" time="0.0" classname="ImpPrograms.module3"/>
  <testcase name="test9" time="0.0" classname="ImpPrograms.module3">
    <ignored/>
  </testcase> <!-- test9 -->
  <testcase name="test11" time="0.0" classname="ImpPrograms.module3">
    <ignored/>
  </testcase> <!-- test11 -->
  <testcase name="mobileLogincarloan" time="0.0" classname="ImpPrograms.module3">
    <ignored/>
  </testcase> <!-- mobileLogincarloan -->
  <testcase name="test8" time="0.0" classname="ImpPrograms.module3">
    <ignored/>
  </testcase> <!-- test8 -->
  <testcase name="test10" time="0.0" classname="ImpPrograms.module3">
    <ignored/>
  </testcase> <!-- test10 -->
  <testcase name="test12" time="0.0" classname="ImpPrograms.module3">
    <ignored/>
  </testcase> <!-- test12 -->
  <testcase name="apilogincarloan" time="0.0" classname="ImpPrograms.module3">
    <ignored/>
  </testcase> <!-- apilogincarloan -->
</testsuite> <!-- CarLoan -->
