<?xml version="1.0" encoding="UTF-8"?>
<!-- Generated by org.testng.reporters.JUnitXMLReporter -->
<testsuite hostname="LAPTOP-A11EL1IC" ignored="1" name="PersonalLoans" tests="12" failures="0" timestamp="09 Feb 2020 14:00:47 GMT" time="0.063" errors="0">
  <testcase name="test1" time="0.016" classname="ImpPrograms.module1"/>
  <testcase name="test2" time="0.0" classname="ImpPrograms.module1"/>
  <testcase name="test3" time="0.0" classname="ImpPrograms.module2"/>
  <testcase name="test4" time="0.0" classname="ImpPrograms.module2"/>
  <testcase name="test6" time="0.0" classname="ImpPrograms.module2"/>
  <testcase name="test7" time="0.0" classname="ImpPrograms.module2"/>
  <testcase name="apiloginbikeloan" time="0.0" classname="ImpPrograms.module4"/>
  <testcase name="mobileLogin_Deo_bikeloan" time="0.0" classname="ImpPrograms.module4"/>
  <testcase name="mobileLogin_activa_bikeloan" time="0.0" classname="ImpPrograms.module4"/>
  <testcase name="mobileLogin_scooty_bikeloan" time="0.0" classname="ImpPrograms.module4"/>
  <testcase name="mobileLoginbikeloan" time="0.0" classname="ImpPrograms.module4"/>
  <testcase name="webLoginbikeloan" time="0.0" classname="ImpPrograms.module4"/>
  <testcase name="test5" time="0.0" classname="ImpPrograms.module2">
    <ignored/>
  </testcase> <!-- test5 -->
</testsuite> <!-- PersonalLoans -->
