<?xml version="1.0" encoding="UTF-8"?>
<!-- Generated by org.testng.reporters.JUnitXMLReporter -->
<testsuite hostname="LAPTOP-A11EL1IC" ignored="2" name="Car Loan" tests="1" failures="0" timestamp="09 Feb 2020 14:55:01 GMT" time="0.047" errors="0">
  <testcase name="APILoginCarLoan" time="0.015" classname="Example_TestNG_exclude.Car_loan"/>
  <testcase name="MobileLoginCarLoan" time="0.0" classname="Example_TestNG_exclude.Car_loan">
    <ignored/>
  </testcase> <!-- MobileLoginCarLoan -->
  <testcase name="WebLoginCarLoan" time="0.0" classname="Example_TestNG_exclude.Car_loan">
    <ignored/>
  </testcase> <!-- WebLoginCarLoan -->
</testsuite> <!-- Car Loan -->
