<?xml version="1.0" encoding="UTF-8"?>
<!-- Generated by org.testng.reporters.JUnitXMLReporter -->
<testsuite hostname="LAPTOP-A11EL1IC" ignored="1" name="description" tests="14" failures="1" timestamp="09 Feb 2020 15:47:10 GMT" time="0.387" errors="0">
  <testcase name="testcase2" time="0.0" classname="attribute.description"/>
  <testcase name="testcase3" time="0.016" classname="attribute.description"/>
  <testcase name="testcase5" time="0.0" classname="attribute.description"/>
  <testcase name="testcase6" time="0.0" classname="attribute.description"/>
  <testcase name="testcase1" time="0.0" classname="attribute.description"/>
  <testcase name="testcase4" time="0.0" classname="attribute.description"/>
  <testcase name="mango" time="0.016" classname="attribute.priority_Fruits"/>
  <testcase name="c_language" time="0.0" classname="attribute.Enabled"/>
  <testcase name="java" time="0.0" classname="attribute.Enabled"/>
  <testcase name="testcaes_medium" time="0.0" classname="attribute.timeout"/>
  <testcase name="testcase_large" time="0.0" classname="attribute.timeout"/>
  <testcase name="testcase_new" time="0.297" classname="attribute.timeout">
    <failure type="org.testng.internal.thread.ThreadTimeoutException" message="Method attribute.timeout.testcase_new() didn&amp;apos;t finish within the time-out 200">
      <![CDATA[org.testng.internal.thread.ThreadTimeoutException: Method attribute.timeout.testcase_new() didn't finish within the time-out 200
at java.util.concurrent.locks.AbstractQueuedSynchronizer$ConditionObject.signalAll(Unknown Source)
at java.util.concurrent.ThreadPoolExecutor.tryTerminate(Unknown Source)
at java.util.concurrent.ThreadPoolExecutor.processWorkerExit(Unknown Source)
at java.util.concurrent.ThreadPoolExecutor.runWorker(Unknown Source)
at java.util.concurrent.ThreadPoolExecutor$Worker.run(Unknown Source)
at java.lang.Thread.run(Unknown Source)
]]>
    </failure>
  </testcase> <!-- testcase_new -->
  <testcase name="watermelon" time="0.0" classname="attribute.priority_Fruits"/>
  <testcase name="apple" time="0.0" classname="attribute.priority_Fruits"/>
  <testcase name="jira" time="0.0" classname="attribute.Enabled">
    <ignored/>
  </testcase> <!-- jira -->
</testsuite> <!-- description -->
