<?xml version="1.0" encoding="UTF-8"?>
<!-- Generated by org.testng.reporters.JUnitXMLReporter -->
<testsuite hostname="LAPTOP-A11EL1IC" ignored="1" name="Groups_in_groups" tests="2" failures="0" timestamp="09 Feb 2020 14:55:02 GMT" time="0.0" errors="0">
  <testcase name="test1" time="0.0" classname="Example_TestNG_exclude.Groups_in_groups"/>
  <testcase name="test2" time="0.0" classname="Example_TestNG_exclude.Groups_in_groups"/>
  <testcase name="test3" time="0.0" classname="Example_TestNG_exclude.Groups_in_groups">
    <ignored/>
  </testcase> <!-- test3 -->
</testsuite> <!-- Groups_in_groups -->
