<?xml version="1.0" encoding="UTF-8"?>
<!-- Generated by org.testng.reporters.JUnitXMLReporter -->
<testsuite hostname="LAPTOP-A11EL1IC" ignored="2" name="Home Loan" tests="1" failures="0" timestamp="09 Feb 2020 14:55:01 GMT" time="0.013" errors="0">
  <testcase name="MobileLoginHomeLoan" time="0.0" classname="Example_TestNG_exclude.home_loan"/>
  <testcase name="APILoginHomeLoan" time="0.0" classname="Example_TestNG_exclude.home_loan">
    <ignored/>
  </testcase> <!-- APILoginHomeLoan -->
  <testcase name="WebLoginHomeLoan" time="0.0" classname="Example_TestNG_exclude.home_loan">
    <ignored/>
  </testcase> <!-- WebLoginHomeLoan -->
</testsuite> <!-- Home Loan -->
