<?xml version="1.0" encoding="UTF-8"?>
<!-- Generated by org.testng.reporters.JUnitXMLReporter -->
<testsuite hostname="LAPTOP-A11EL1IC" ignored="1" name="include_exclude_groups" tests="2" failures="0" timestamp="09 Feb 2020 14:55:01 GMT" time="0.0" errors="0">
  <testcase name="test_case1" time="0.0" classname="Example_TestNG_exclude.include_exclude_groups"/>
  <testcase name="test_case2" time="0.0" classname="Example_TestNG_exclude.include_exclude_groups"/>
  <testcase name="test_case3" time="0.0" classname="Example_TestNG_exclude.include_exclude_groups">
    <ignored/>
  </testcase> <!-- test_case3 -->
</testsuite> <!-- include_exclude_groups -->
