<?xml version="1.0" encoding="UTF-8"?>
<!-- Generated by org.testng.reporters.JUnitXMLReporter -->
<testsuite hostname="LAPTOP-A11EL1IC" ignored="0" name="Listeners" tests="2" failures="1" timestamp="10 Feb 2020 03:55:37 GMT" time="0.011" errors="0">
  <testcase name="fail" time="0.004" classname="TestListener.SuccessFailure">
    <failure type="java.lang.AssertionError" message="expected [false] but found [true]">
      <![CDATA[java.lang.AssertionError: expected [false] but found [true]
at TestListener.SuccessFailure.fail(SuccessFailure.java:24)
... Removed 31 stack frames]]>
    </failure>
  </testcase> <!-- fail -->
  <testcase name="sum" time="0.001" classname="TestListener.SuccessFailure"/>
</testsuite> <!-- Listeners -->
