<?xml version="1.0" encoding="UTF-8"?>
<!-- Generated by org.testng.reporters.JUnitXMLReporter -->
<testsuite hostname="LAPTOP-A11EL1IC" ignored="0" name="parameters" tests="4" failures="0" timestamp="10 Feb 2020 03:55:37 GMT" time="0.056" errors="0">
  <testcase name="sum" time="0.014" classname="parameters.sum"/>
  <testcase name="subtract" time="0.002" classname="parameters.subtraction"/>
  <testcase name="multiply" time="0.001" classname="parameters.multiply"/>
  <testcase name="multiply" time="0.002" classname="parameters.divide"/>
</testsuite> <!-- parameters -->
