<?xml version="1.0" encoding="UTF-8"?>
<!-- Generated by org.testng.reporters.JUnitXMLReporter -->
<testsuite hostname="LAPTOP-A11EL1IC" ignored="2" name="Personal Loan" tests="1" failures="0" timestamp="09 Feb 2020 14:55:01 GMT" time="0.0" errors="0">
  <testcase name="WebLoginPersonalLoan" time="0.0" classname="Example_TestNG_exclude.personal_loan"/>
  <testcase name="MobileLoginPersonalLoan" time="0.0" classname="Example_TestNG_exclude.personal_loan">
    <ignored/>
  </testcase> <!-- MobileLoginPersonalLoan -->
  <testcase name="APILoginPersonalLoan" time="0.0" classname="Example_TestNG_exclude.personal_loan">
    <ignored/>
  </testcase> <!-- APILoginPersonalLoan -->
</testsuite> <!-- Personal Loan -->
