<?xml version="1.0" encoding="UTF-8"?>
<!-- Generated by org.testng.reporters.JUnitXMLReporter -->
<testsuite hostname="LAPTOP-A11EL1IC" ignored="1" name="software company" tests="2" failures="0" timestamp="09 Feb 2020 15:47:10 GMT" time="0.0" errors="0">
  <testcase name="infosys" time="0.0" classname="attribute.groups_company"/>
  <testcase name="wipro" time="0.0" classname="attribute.groups_company"/>
  <testcase name="technip" time="0.0" classname="attribute.groups_company">
    <ignored/>
  </testcase> <!-- technip -->
</testsuite> <!-- software company -->
