<?xml version="1.0" encoding="UTF-8"?>
<!-- Generated by org.testng.reporters.JUnitXMLReporter -->
<testsuite hostname="LAPTOP-A11EL1IC" ignored="5" tests="0" failures="0" timestamp="09 Feb 2020 14:55:01 GMT" time="0.0" errors="0">
  <testcase name="MobileLoginCarLoan" time="0.0" classname="Example_TestNG_exclude.exclude$test">
    <ignored/>
  </testcase> <!-- MobileLoginCarLoan -->
  <testcase name="LoginAPICarLoan" time="0.0" classname="Example_TestNG_exclude.exclude$test">
    <ignored/>
  </testcase> <!-- LoginAPICarLoan -->
  <testcase name="MobileLoginHomeLoan" time="0.0" classname="Example_TestNG_exclude.exclude$test">
    <ignored/>
  </testcase> <!-- MobileLoginHomeLoan -->
  <testcase name="WebLoginCarLoan" time="0.0" classname="Example_TestNG_exclude.exclude$test">
    <ignored/>
  </testcase> <!-- WebLoginCarLoan -->
  <testcase name="MobileLoginPersonalLoan" time="0.0" classname="Example_TestNG_exclude.exclude$test">
    <ignored/>
  </testcase> <!-- MobileLoginPersonalLoan -->
</testsuite>
